TN:
SF:src/modules/articles/createArticle/createArticleUseCase.ts
FN:12,execute
FN:11,createArticleUseCase
FNF:2
FNH:2
FNDA:1,execute
FNDA:1,createArticleUseCase
DA:1,1
DA:2,1
DA:3,1
DA:4,1
DA:5,1
DA:6,1
DA:7,1
DA:8,1
DA:9,1
DA:10,1
DA:11,1
DA:12,1
DA:13,1
DA:14,1
DA:15,1
DA:16,1
DA:17,1
DA:18,1
DA:19,1
DA:20,1
DA:21,1
DA:22,0
DA:23,0
DA:24,1
DA:25,1
DA:26,1
DA:27,1
DA:28,1
DA:29,1
DA:30,1
DA:31,1
DA:32,1
DA:33,1
DA:34,0
DA:35,0
DA:36,1
DA:37,1
LF:37
LH:33
BRDA:12,0,0,1
BRDA:21,1,0,0
BRDA:33,2,0,0
BRDA:11,3,0,1
BRF:4
BRH:2
end_of_record
TN:
SF:src/modules/articles/deleteArticleById/deleteArticleByIdUseCase.ts
FN:13,execute
FN:11,deleteArticleByIdUseCase
FNF:2
FNH:2
FNDA:3,execute
FNDA:1,deleteArticleByIdUseCase
DA:1,1
DA:2,1
DA:3,1
DA:4,1
DA:5,1
DA:6,1
DA:7,1
DA:8,1
DA:9,1
DA:10,1
DA:11,1
DA:12,1
DA:13,1
DA:14,3
DA:15,3
DA:16,1
DA:17,1
DA:18,2
DA:19,2
DA:20,3
DA:21,1
DA:22,1
DA:23,1
DA:24,3
DA:25,0
DA:26,0
DA:27,1
DA:28,1
DA:29,3
DA:30,0
DA:31,0
DA:32,3
DA:33,1
LF:33
LH:29
BRDA:13,0,0,3
BRDA:15,1,0,1
BRDA:18,2,0,2
BRDA:20,3,0,1
BRDA:24,4,0,0
BRDA:27,5,0,1
BRDA:29,6,0,0
BRDA:11,7,0,1
BRF:8
BRH:6
end_of_record
TN:
SF:src/modules/articles/getAllArticles/getAllArticlesUseCase.ts
FN:14,execute
FN:12,getAllArticlesUseCase
FNF:2
FNH:2
FNDA:3,execute
FNDA:1,getAllArticlesUseCase
DA:1,1
DA:2,1
DA:3,1
DA:4,1
DA:5,1
DA:6,1
DA:7,1
DA:8,1
DA:9,1
DA:10,1
DA:11,1
DA:12,1
DA:13,1
DA:14,1
DA:15,3
DA:16,3
DA:17,3
DA:18,3
DA:19,2
DA:20,2
DA:21,2
DA:22,2
DA:23,1
DA:24,1
DA:25,1
DA:26,1
DA:27,1
DA:28,1
DA:29,3
DA:30,0
DA:31,0
DA:32,3
DA:33,1
LF:33
LH:31
BRDA:14,0,0,3
BRDA:16,1,0,2
BRDA:17,2,0,2
BRDA:18,3,0,2
BRDA:18,4,0,2
BRDA:23,5,0,1
BRDA:29,6,0,0
BRDA:12,7,0,1
BRF:8
BRH:7
end_of_record
TN:
SF:src/modules/articles/getArticleById/getArticleByIdUseCase.ts
FN:14,execute
FN:12,getArticleByIdUseCase
FNF:2
FNH:2
FNDA:4,execute
FNDA:1,getArticleByIdUseCase
DA:1,1
DA:2,1
DA:3,1
DA:4,1
DA:5,1
DA:6,1
DA:7,1
DA:8,1
DA:9,1
DA:10,1
DA:11,1
DA:12,1
DA:13,1
DA:14,1
DA:15,4
DA:16,4
DA:17,1
DA:18,1
DA:19,3
DA:20,4
DA:21,2
DA:22,2
DA:23,1
DA:24,1
DA:25,4
DA:26,1
DA:27,4
DA:28,0
DA:29,0
DA:30,4
DA:31,1
LF:31
LH:29
BRDA:14,0,0,4
BRDA:16,1,0,1
BRDA:19,2,0,3
BRDA:20,3,0,2
BRDA:23,4,0,1
BRDA:25,5,0,0
BRDA:26,6,0,1
BRDA:27,7,0,0
BRDA:12,8,0,1
BRF:9
BRH:7
end_of_record
TN:
SF:src/modules/articles/updateArticleById/updateArticleByIdUseCase.ts
FN:15,execute
FN:13,updateArticleByIdUseCase
FNF:2
FNH:2
FNDA:3,execute
FNDA:1,updateArticleByIdUseCase
DA:1,1
DA:2,1
DA:3,1
DA:4,1
DA:5,1
DA:6,1
DA:7,1
DA:8,1
DA:9,1
DA:10,1
DA:11,1
DA:12,1
DA:13,1
DA:14,1
DA:15,1
DA:16,3
DA:17,3
DA:18,3
DA:19,3
DA:20,3
DA:21,1
DA:22,1
DA:23,2
DA:24,2
DA:25,2
DA:26,2
DA:27,3
DA:28,1
DA:29,1
DA:30,3
DA:31,0
DA:32,0
DA:33,1
DA:34,1
DA:35,1
DA:36,1
DA:37,1
DA:38,3
DA:39,0
DA:40,0
DA:41,0
DA:42,0
DA:43,1
DA:44,1
DA:45,1
DA:46,1
DA:47,1
DA:48,1
DA:49,3
DA:50,0
DA:51,0
DA:52,1
DA:53,3
DA:54,0
DA:55,0
DA:56,0
DA:57,3
DA:58,1
LF:58
LH:47
BRDA:15,0,0,3
BRDA:20,1,0,1
BRDA:23,2,0,2
BRDA:27,3,0,1
BRDA:30,4,0,0
BRDA:33,5,0,1
BRDA:38,6,0,0
BRDA:43,7,0,1
BRDA:49,8,0,0
BRDA:52,9,0,1
BRDA:53,10,0,0
BRDA:35,11,0,1
BRDA:13,12,0,1
BRF:13
BRH:9
end_of_record
